[01m[K/home/adomingues/gaph/ursa/tools/orca-lib-client/src/orca-lib-client.cpp:[m[K In function ‘[01m[Kint32_t hf_recv(uint16_t*, uint16_t*, int8_t*, uint16_t*, uint16_t*, std::__cxx11::string, uint32_t)[m[K’:
[01m[K/home/adomingues/gaph/ursa/tools/orca-lib-client/src/orca-lib-client.cpp:164:2:[m[K [01;31m[Kerror: [m[K‘[01m[Kmsg[m[K’ was not declared in this scope
  [01;31m[Kmsg[m[K[4] = 0x00;  //src_cpu
  [01;31m[K^~~[m[K
[01m[K/home/adomingues/gaph/ursa/tools/orca-lib-client/src/orca-lib-client.cpp:170:12:[m[K [01;31m[Kerror: [m[K‘[01m[Ktarget_port[m[K’ was not declared in this scope
  msg[8] = ([01;31m[Ktarget_port[m[K & 0x000000FF);  //target port
            [01;31m[K^~~~~~~~~~~[m[K
[01m[K/home/adomingues/gaph/ursa/tools/orca-lib-client/src/orca-lib-client.cpp:173:18:[m[K [01;31m[Kerror: [m[Kinvalid operands of types ‘[01m[Kuint16_t* {aka short unsigned int*}[m[K’ and ‘[01m[Kint[m[K’ to binary ‘[01m[Koperator&[m[K’
  msg[10] = ([01;31m[Ksize & 0x000000FF[m[K); //msg len
             [01;31m[K~~~~~^~~~~~~~~~~~[m[K
[01m[K/home/adomingues/gaph/ursa/tools/orca-lib-client/src/orca-lib-client.cpp:174:18:[m[K [01;31m[Kerror: [m[Kinvalid operands of types ‘[01m[Kuint16_t* {aka short unsigned int*}[m[K’ and ‘[01m[Kint[m[K’ to binary ‘[01m[Koperator&[m[K’
  msg[11] = ([01;31m[Ksize & 0x0000FF00[m[K) >> 8; //TODO: maybe >> 8
             [01;31m[K~~~~~^~~~~~~~~~~~[m[K
[01m[K/home/adomingues/gaph/ursa/tools/orca-lib-client/src/orca-lib-client.cpp:179:21:[m[K [01;31m[Kerror: [m[Kinvalid operands of types ‘[01m[Kuint16_t* {aka short unsigned int*}[m[K’ and ‘[01m[Kint[m[K’ to binary ‘[01m[Koperator&[m[K’
  msg[14] = ([01;31m[Kchannel & 0x000000FF[m[K); //channel
             [01;31m[K~~~~~~~~^~~~~~~~~~~~[m[K
[01m[K/home/adomingues/gaph/ursa/tools/orca-lib-client/src/orca-lib-client.cpp:180:21:[m[K [01;31m[Kerror: [m[Kinvalid operands of types ‘[01m[Kuint16_t* {aka short unsigned int*}[m[K’ and ‘[01m[Kint[m[K’ to binary ‘[01m[Koperator&[m[K’
  msg[15] = ([01;31m[Kchannel & 0x0000FF00[m[K) >> 8;
             [01;31m[K~~~~~~~~^~~~~~~~~~~~[m[K
make[2]: *** [CMakeFiles/orca-lib-client.dir/home/adomingues/gaph/ursa/tools/orca-lib-client/src/orca-lib-client.cpp.o] Error 1
make[1]: *** [CMakeFiles/orca-lib-client.dir/all] Error 2
make: *** [all] Error 2
