[01m[K/home/adomingues/gaph/ursa/tools/ros-integration/src/example-orca-udp/src/OrcaNode.cpp:[m[K In function ‘[01m[Kvoid* recv_from_mpsoc(void*)[m[K’:
[01m[K/home/adomingues/gaph/ursa/tools/ros-integration/src/example-orca-udp/src/OrcaNode.cpp:56:32:[m[K [01;31m[Kerror: [m[Ktoo many arguments to function ‘[01m[Kint32_t hf_recv(uint16_t*, uint16_t*, int8_t*, uint16_t*, uint16_t*)[m[K’
      ROSNODE_ADDR, ROSNODE_PORT[01;31m[K)[m[K;
                                [01;31m[K^[m[K
In file included from [01m[K/home/adomingues/gaph/ursa/tools/ros-integration/src/example-orca-udp/../../../orca-lib-client/include/orca-lib.h:1:0[m[K,
                 from [01m[K/home/adomingues/gaph/ursa/tools/ros-integration/src/example-orca-udp/src/OrcaNode.cpp:4[m[K:
[01m[K/home/adomingues/gaph/ursa/tools/ros-integration/src/example-orca-udp/../../../orca-lib-client/include/orca-network-base.h:61:9:[m[K [01;36m[Knote: [m[Kdeclared here
 int32_t [01;36m[Khf_recv[m[K(uint16_t *source_cpu, uint16_t *source_port,
         [01;36m[K^~~~~~~[m[K
[01m[K/home/adomingues/gaph/ursa/tools/ros-integration/src/example-orca-udp/src/OrcaNode.cpp:[m[K In function ‘[01m[Kvoid orca_ros_to_mpsoc_callback(const ConstPtr&)[m[K’:
[01m[K/home/adomingues/gaph/ursa/tools/ros-integration/src/example-orca-udp/src/OrcaNode.cpp:95:75:[m[K [01;31m[Kerror: [m[Ktoo many arguments to function ‘[01m[Kint32_t hf_send(uint16_t, uint16_t, int8_t*, uint16_t, uint16_t)[m[K’
  hf_send(5, 5000, (int8_t*)&msg, sizeof(msg), 1000, MPSOC_ADDR, MPSOC_PORT[01;31m[K)[m[K;
                                                                           [01;31m[K^[m[K
In file included from [01m[K/home/adomingues/gaph/ursa/tools/ros-integration/src/example-orca-udp/../../../orca-lib-client/include/orca-lib.h:1:0[m[K,
                 from [01m[K/home/adomingues/gaph/ursa/tools/ros-integration/src/example-orca-udp/src/OrcaNode.cpp:4[m[K:
[01m[K/home/adomingues/gaph/ursa/tools/ros-integration/src/example-orca-udp/../../../orca-lib-client/include/orca-network-base.h:35:9:[m[K [01;36m[Knote: [m[Kdeclared here
 int32_t [01;36m[Khf_send[m[K(uint16_t target_cpu, uint16_t target_port,
         [01;36m[K^~~~~~~[m[K
make[2]: *** [CMakeFiles/example-orca-udp_node.dir/src/OrcaNode.cpp.o] Error 1
make[1]: *** [CMakeFiles/example-orca-udp_node.dir/all] Error 2
make: *** [all] Error 2
